<?xml version="1.0" encoding="UTF-8"?>
<testng-results ignored="0" total="1" passed="1" failed="0" skipped="0">
  <reporter-output>
  </reporter-output>
  <suite started-at="2023-08-08T23:34:52 IST" name="Default suite" finished-at="2023-08-08T23:34:52 IST" duration-ms="196">
    <groups>
    </groups>
    <test started-at="2023-08-08T23:34:52 IST" name="Default test" finished-at="2023-08-08T23:34:52 IST" duration-ms="196">
      <class name="temp.FirstTest">
        <test-method signature="m1()[pri:0, instance:temp.FirstTest@16a0ee18]" started-at="2023-08-08T23:34:52 IST" name="m1" finished-at="2023-08-08T23:34:52 IST" duration-ms="34" status="PASS">
          <reporter-output>
          </reporter-output>
        </test-method> <!-- m1 -->
      </class> <!-- temp.FirstTest -->
    </test> <!-- Default test -->
  </suite> <!-- Default suite -->
</testng-results>
